<?xml version="1.0" encoding="UTF-8"?>
<testsuite xmlns:xsi="http://www.w3.org/2001/XMLSchema-instance" xsi:noNamespaceSchemaLocation="https://maven.apache.org/surefire/maven-surefire-plugin/xsd/surefire-test-report-3.0.xsd" version="3.0" name="TestSuite" time="4.901" tests="2" errors="0" skipped="0" failures="0">
  <properties>
[...]
</properties>
  <testcase name="Email_Nulo" classname="Bootcamp_project.TestNG.LoginUsuarioDatosNulos" time="0.292">
    <system-out><![CDATA[Before test
]]></system-out>
    <system-err><![CDATA[SLF4J: Failed to load class "org.slf4j.impl.StaticLoggerBinder".
SLF4J: Defaulting to no-operation (NOP) logger implementation
SLF4J: See http://www.slf4j.org/codes.html#StaticLoggerBinder for further details.
jul. 13, 2023 8:45:59 P. M. org.openqa.selenium.remote.service.DriverService$Builder getLogOutput
INFORMACIÓN: Driver logs no longer sent to console by default; https://www.selenium.dev/documentation/webdriver/drivers/service/#setting-log-output
]]></system-err>
  </testcase>
  <testcase name="Password_Nulo" classname="Bootcamp_project.TestNG.LoginUsuarioDatosNulos" time="0.229"/>
</testsuite>