<?xml version="1.0" encoding="UTF-8"?>
<testng-results ignored="0" total="2" passed="2" failed="0" skipped="0">
  <reporter-output>
  </reporter-output>
  <suite started-at="2023-07-13T20:45:59 CST" name="Casos de prueba para Login de Usuarios" finished-at="2023-07-13T20:46:03 CST" duration-ms="4453">
    <groups>
    </groups>
    <test started-at="2023-07-13T20:45:59 CST" name="Login de Usuario con nulos" finished-at="2023-07-13T20:46:03 CST" duration-ms="4453">
      <class name="Bootcamp_project.TestNG.LoginUsuarioDatosNulos">
        <test-method is-config="true" signature="preparAmbiente()[pri:0, instance:Bootcamp_project.TestNG.LoginUsuarioDatosNulos@117e949d]" started-at="2023-07-13T20:45:59 CST" name="preparAmbiente" finished-at="2023-07-13T20:46:02 CST" duration-ms="3521" status="PASS">
          <reporter-output>
          </reporter-output>
        </test-method> <!-- preparAmbiente -->
        <test-method signature="Email_Nulo()[pri:0, instance:Bootcamp_project.TestNG.LoginUsuarioDatosNulos@117e949d]" started-at="2023-07-13T20:46:02 CST" name="Email_Nulo" finished-at="2023-07-13T20:46:02 CST" duration-ms="292" status="PASS">
          <reporter-output>
          </reporter-output>
        </test-method> <!-- Email_Nulo -->
        <test-method signature="Password_Nulo()[pri:0, instance:Bootcamp_project.TestNG.LoginUsuarioDatosNulos@117e949d]" started-at="2023-07-13T20:46:02 CST" name="Password_Nulo" finished-at="2023-07-13T20:46:03 CST" duration-ms="230" status="PASS">
          <reporter-output>
          </reporter-output>
        </test-method> <!-- Password_Nulo -->
        <test-method is-config="true" signature="postPrueba()[pri:0, instance:Bootcamp_project.TestNG.LoginUsuarioDatosNulos@117e949d]" started-at="2023-07-13T20:46:03 CST" name="postPrueba" finished-at="2023-07-13T20:46:03 CST" duration-ms="369" status="PASS">
          <reporter-output>
          </reporter-output>
        </test-method> <!-- postPrueba -->
      </class> <!-- Bootcamp_project.TestNG.LoginUsuarioDatosNulos -->
    </test> <!-- Login de Usuario con nulos -->
  </suite> <!-- Casos de prueba para Login de Usuarios -->
</testng-results>
