<?xml version="1.0" encoding="UTF-8"?>
<!-- Generated by org.testng.reporters.JUnitXMLReporter -->
<testsuite ignored="0" hostname="DESKTOP-31C94VU" failures="0" tests="2" name="Login de Usuario con nulos" time="4.453" errors="0" timestamp="2023-07-13T20:46:03 CST">
  <testcase classname="Bootcamp_project.TestNG.LoginUsuarioDatosNulos" name="Email_Nulo" time="0.292"/>
  <testcase classname="Bootcamp_project.TestNG.LoginUsuarioDatosNulos" name="Password_Nulo" time="0.23"/>
</testsuite> <!-- Login de Usuario con nulos -->
