<?xml version="1.0" encoding="UTF-8"?>
<!-- Generated by org.testng.reporters.JUnitXMLReporter -->
<testsuite ignored="0" hostname="DESKTOP-31C94VU" failures="0" tests="2" name="Login con credenciales incorrectas" time="12.742" errors="0" timestamp="2023-07-13T19:56:38 CST">
  <testcase classname="Bootcamp_project.TestNG.LoginUsuarioCredencialesInvalidas" name="Credenciales_Invalidas" time="4.287"/>
  <testcase classname="Bootcamp_project.TestNG.LoginUsuarioCredencialesInvalidas" name="User_Inexistente" time="5.223"/>
</testsuite> <!-- Login con credenciales incorrectas -->
